<?xml version="1.0" encoding="UTF-8"?>
<testng-results ignored="0" total="1" passed="1" failed="0" skipped="0">
  <reporter-output>
  </reporter-output>
  <suite started-at="2026-08-24T22:16:02 IST" name="Smoke Suite" finished-at="2026-08-24T22:16:11 IST" duration-ms="8096">
    <groups>
    </groups>
    <test started-at="2026-08-24T22:16:02 IST" name="Smoke Tests" finished-at="2026-08-24T22:16:11 IST" duration-ms="8096">
      <class name="testCases.SampleTest">
        <test-method is-config="true" signature="setUp(java.lang.String)[pri:0, instance:testCases.SampleTest@74f0ea28]" started-at="2026-08-24T22:16:03 IST" name="setUp" finished-at="2026-08-24T22:16:06 IST" duration-ms="3309" status="PASS">
          <params>
            <param index="0">
              <value>
                <![CDATA[chrome]]>
              </value>
            </param>
          </params>
          <reporter-output>
          </reporter-output>
        </test-method> <!-- setUp -->
        <test-method signature="sampleSmokeTest(java.util.Map)[pri:0, instance:testCases.SampleTest@74f0ea28]" started-at="2026-08-24T22:16:06 IST" name="sampleSmokeTest" description="login test" data-provider="testData" finished-at="2026-08-24T22:16:10 IST" duration-ms="3698" status="PASS">
          <params>
            <param index="0">
              <value>
                <![CDATA[{ClassName=SampleTest, TestDescription=First sample test, Username=shubham@gmail.com, Password=Abc@123}]]>
              </value>
            </param>
          </params>
          <reporter-output>
          </reporter-output>
        </test-method> <!-- sampleSmokeTest -->
        <test-method is-config="true" signature="tearDown()[pri:0, instance:testCases.SampleTest@74f0ea28]" started-at="2026-08-24T22:16:10 IST" name="tearDown" finished-at="2026-08-24T22:16:11 IST" duration-ms="390" status="PASS">
          <reporter-output>
          </reporter-output>
        </test-method> <!-- tearDown -->
      </class> <!-- testCases.SampleTest -->
    </test> <!-- Smoke Tests -->
  </suite> <!-- Smoke Suite -->
</testng-results>
